Command line:
   i2s_cntrl_tb_isim_beh.exe
     -simmode  gui
     -simrunnum  1
     -socket  60045

Wed Aug 15 21:34:08 2012


 Elaboration Time: 0.03 sec

 Current Memory Usage: 181.17 Meg

 Total Signals          : 26
 Total Nets             : 108
 Total Signal Drivers   : 16
 Total Blocks           : 4
 Total Primitive Blocks : 3
 Total Processes        : 3
 Total Traceable Variables  : 17
 Total Scalar Nets and Variables : 595
Total Line Count : 53

 Total Simulation Time: 0.09 sec

 Current Memory Usage: 256.672 Meg

Wed Aug 15 21:34:33 2012

