ISim log file
Running: /home/ksnieck/Dropbox/Projects/fpgasynth/nexys2/top_level_test_osc_tb_isim_beh.exe -intstyle ise -gui -tclbatch isim.cmd -wdb /home/ksnieck/Dropbox/Projects/fpgasynth/nexys2/top_level_test_osc_tb_isim_beh.wdb 
ISim P.28xd (signature 0x54af6ca1)
WARNING: A WEBPACK license was found.
WARNING: Please use Xilinx License Configuration Manager to check out a full ISim license.
WARNING: ISim will run in Lite mode. Please refer to the ISim documentation for more information on the differences between the Lite and the Full version.
This is a Lite version of ISim.
Time resolution is 1 ps
# onerror resume
# wave add /
# run 1000 ns
Simulator is doing circuit initialization process.
Finished circuit initialization process.
at 10 ns(1), Instance /top_level_test_osc_tb/uut/i2s_cntrl1/ : Warning: NUMERIC_STD."<": metavalue detected, returning FALSE
at 30 ns(1), Instance /top_level_test_osc_tb/uut/i2s_cntrl1/ : Warning: NUMERIC_STD."<": metavalue detected, returning FALSE
at 50 ns(1), Instance /top_level_test_osc_tb/uut/i2s_cntrl1/ : Warning: NUMERIC_STD."<": metavalue detected, returning FALSE
at 70 ns(1), Instance /top_level_test_osc_tb/uut/i2s_cntrl1/ : Warning: NUMERIC_STD."<": metavalue detected, returning FALSE
at 90 ns(1), Instance /top_level_test_osc_tb/uut/i2s_cntrl1/ : Warning: NUMERIC_STD."<": metavalue detected, returning FALSE
# run 100.00us
# run 100.00us
# run 100.00us
# run 100.00us
# run 10000.00us
# exit 0
